1762805084430	geckodriver	INFO	Listening on 127.0.0.1:57244
1762805087489	mozrunner::runner	INFO	Running command: "C:\\Program Files\\Mozilla Firefox\\firefox.exe" "--marionette" "--private-window" "--headless" "--remote-d ... 5" "--remote-allow-hosts" "localhost" "-no-remote" "-profile" "C:\\Users\\aarok\\AppData\\Local\\Temp\\rust_mozprofile7IfrQf"
*** You are running in headless mode.
console.warn: services.settings: Ignoring preference override of remote settings server
console.warn: services.settings: Allow by setting MOZ_REMOTE_SETTINGS_DEVTOOLS=1 in the environment
Dynamically enable window occlusion 0
1762805087698	Marionette	INFO	Marionette enabled
1762805087746	Marionette	INFO	Listening on port 57252
WebDriver BiDi listening on ws://127.0.0.1:57245
Read port: 57252
1762805087834	RemoteAgent	WARN	TLS certificate errors will be ignored for this session
[GFX1-]: RenderCompositorSWGL failed mapping default framebuffer, no dt
console.error: [Exception... "Component returned failure code: 0x80070057 (NS_ERROR_ILLEGAL_VALUE) [nsIWinTaskbar.getTaskbarProgress]"  nsresult: "0x80070057 (NS_ERROR_ILLEGAL_VALUE)"  location: "JS frame :: moz-src:///browser/components/downloads/DownloadsTaskbar.sys.mjs :: #windowsAttachIndicator :: line 183"  data: no]
console.error: (new InvalidStateError("An attempt was made to use an object that is not, or is no longer, usable", (void 0), 418))
console.error: (new InvalidStateError("JSWindowActorParent.sendAsyncMessage: JSWindowActorParent cannot send at the moment", (void 0), 532))
1762805089094	Marionette	INFO	Stopped listening on port 57252
Dynamically enable window occlusion 1
console.error: "Failed to fetch https://spocs.getpocket.com/user:" "NetworkError when attempting to fetch resource."
console.error: (new TypeError("NetworkError when attempting to fetch resource.", ""))
console.error: (new Error("OHTTP was configured for https://ads.mozilla.org/v1/delete_user but we couldn't fetch a valid config", "moz-src:///browser/modules/ContextId.sys.mjs", 234))
console.warn: TopSitesFeed: Failed to fetch data from MARS server: NetworkError when attempting to fetch resource.
JavaScript error: resource://gre/modules/ObliviousHTTP.sys.mjs, line 117: NS_ERROR_XPC_CANT_CONVERT_PRIMITIVE_TO_ARRAY: Cannot convert primitive JavaScript value into an array arg 2 [nsIObliviousHttpService.newChannel]
JavaScript error: resource://services-settings/RemoteSettingsClient.sys.mjs, line 85: Error: Unknown callback
